[main 71adb8c] Hourly Data Update.
 3 files changed, 81 insertions(+), 81 deletions(-)
 create mode 100644 us_presidential_polling/update_polling.log
To https://github.com/MaciejAnielski/code.git
   c80ba5f..71adb8c  main -> main
On branch main
Your branch is up to date with 'origin/main'.

nothing to commit, working tree clean
Everything up-to-date
[main db52b78] Hourly Data Update.
 1 file changed, 5 insertions(+)
To https://github.com/MaciejAnielski/code.git
   4aa76ec..db52b78  main -> main
[main 2e419d0] Hourly Data Update.
 1 file changed, 4 insertions(+)
To https://github.com/MaciejAnielski/code.git
   db52b78..2e419d0  main -> main
[main bd42efb] Hourly Data Update.
 1 file changed, 4 insertions(+)
To https://github.com/MaciejAnielski/code.git
   2e419d0..bd42efb  main -> main
[main dd78133] Hourly Data Update.
 1 file changed, 4 insertions(+)
To https://github.com/MaciejAnielski/code.git
   bd42efb..dd78133  main -> main
